<?xml version="1.0" encoding="UTF-8"?>
<!-- Generated by org.testng.reporters.JUnitReportReporter -->
<testsuite skipped="0" hostname="HIBAWL72313" name="sampleHackProj.testConfig" tests="1" failures="0" timestamp="13 Dec 2018 13:36:41 GMT" time="0.007" errors="0">
  <testcase name="navigateToUrl" time="0.007" classname="sampleHackProj.testConfig"/>
</testsuite> <!-- sampleHackProj.testConfig -->
