<?xml version="1.0" encoding="UTF-8"?>
<!-- Generated by org.testng.reporters.JUnitReportReporter -->
<testsuite skipped="0" hostname="HIBACL61426" name="com.shopping.TestCases.FunctionalTestCases" tests="13" failures="0" timestamp="02 Jan 2019 07:25:33 GMT" time="428.359" errors="0">
  <testcase name="s_VerifyUserIsAbleToLoginSuccessfully_105" time="24.634" classname="com.shopping.TestCases.FunctionalTestCases"/>
  <testcase name="s_VerifyErrorMessageForNoPassword_104" time="26.285" classname="com.shopping.TestCases.FunctionalTestCases"/>
  <testcase name="s_VerifyFieldsPresentOnSignInPage_101" time="21.590" classname="com.shopping.TestCases.FunctionalTestCases"/>
  <testcase name="s_VerifyUserIsAbleToPlaceOrderSuccessfully_E2E_101" time="55.045" classname="com.shopping.TestCases.FunctionalTestCases"/>
  <testcase name="s_VerifyErrorMessageForNoEmailId_103" time="28.012" classname="com.shopping.TestCases.FunctionalTestCases"/>
  <testcase name="s_VerifyItemsAddedInCartIsDisplayedOnShoppingCartSummaryPage_CartSummary_101" time="43.677" classname="com.shopping.TestCases.FunctionalTestCases"/>
  <testcase name="s_VerifyErrorMessageWhenCurrentPasswordFieldIsEmpty_My_Personal_Info_101" time="31.797" classname="com.shopping.TestCases.FunctionalTestCases"/>
  <testcase name="s_VerifyErrorMessageForInvalidEmailId_102" time="23.093" classname="com.shopping.TestCases.FunctionalTestCases"/>
  <testcase name="s_VerifyErrorWhenRegisteringWithSameEmailAddress_Register_102" time="35.321" classname="com.shopping.TestCases.FunctionalTestCases"/>
  <testcase name="s_VerifyUserIsAbleToRemoveItemsFromTheShoppingCartSummaryPage_CartSummary_102" time="36.171" classname="com.shopping.TestCases.FunctionalTestCases"/>
  <testcase name="s_VerifyUserIsAbleToSuccessfullyEditDOB_My_Personal_Info_102" time="40.176" classname="com.shopping.TestCases.FunctionalTestCases"/>
  <testcase name="s_VerifyErrorMessageWhenMandatoryFieldsAreEmpty_Register_101" time="33.563" classname="com.shopping.TestCases.FunctionalTestCases"/>
  <testcase name="s_VerifyUserIsAbleToRegisterSuccessfully_Register_103" time="28.995" classname="com.shopping.TestCases.FunctionalTestCases"/>
</testsuite> <!-- com.shopping.TestCases.FunctionalTestCases -->
