<?xml version="1.0" encoding="UTF-8"?>
<!-- Generated by org.testng.reporters.JUnitReportReporter -->
<testsuite skipped="0" hostname="HIBAWL72313" name="com.shopping.Config.TestConfig" tests="1" failures="0" timestamp="24 Dec 2018 07:48:32 GMT" time="0.007" errors="0">
  <testcase name="navigateToUrl" time="0.007" classname="com.shopping.Config.TestConfig"/>
</testsuite> <!-- com.shopping.Config.TestConfig -->
