<?xml version="1.0" encoding="UTF-8"?>
<!-- Generated by org.testng.reporters.JUnitReportReporter -->
<testsuite skipped="11" hostname="HIBACL61426" name="com.shopping.TestCases.FunctionalTestCases" tests="12" failures="0" timestamp="31 Dec 2018 10:08:24 GMT" time="22.618" errors="1">
  <testcase name="s_VerifyErrorMessageForInvalidEmailId_102" time="0.000" classname="com.shopping.TestCases.FunctionalTestCases">
    <skipped/>
  </testcase> <!-- s_VerifyErrorMessageForInvalidEmailId_102 -->
  <testcase name="s_VerifyUserIsAbleToLoginSuccessfully_105" time="0.000" classname="com.shopping.TestCases.FunctionalTestCases">
    <skipped/>
  </testcase> <!-- s_VerifyUserIsAbleToLoginSuccessfully_105 -->
  <testcase name="s_VerifyUserIsAbleToRegisterSuccessfully_Register_103" time="0.000" classname="com.shopping.TestCases.FunctionalTestCases">
    <skipped/>
  </testcase> <!-- s_VerifyUserIsAbleToRegisterSuccessfully_Register_103 -->
  <testcase name="s_VerifyUserIsAbleToSuccessfullyEditDOB_My_Personal_Info_102" time="0.000" classname="com.shopping.TestCases.FunctionalTestCases">
    <skipped/>
  </testcase> <!-- s_VerifyUserIsAbleToSuccessfullyEditDOB_My_Personal_Info_102 -->
  <testcase name="s_VerifyErrorMessageForNoPassword_104" time="0.000" classname="com.shopping.TestCases.FunctionalTestCases">
    <skipped/>
  </testcase> <!-- s_VerifyErrorMessageForNoPassword_104 -->
  <testcase name="startBrowser" time="22.618" classname="com.shopping.TestCases.FunctionalTestCases">
    <error type="org.openqa.selenium.WebDriverException" message="chrome not reachable
  (Session info: chrome=71.0.3578.98)
  (Driver info: chromedriver=2.45.615291 (ec3682e3c9061c10f26ea9e5cdcf3c53f3f74387),platform=Windows NT 10.0.15063 x86_64) (WARNING: The server did not provide any stacktrace information)
Command duration or timeout: 0 milliseconds
Build info: version: &#039;3.141.59&#039;, revision: &#039;e82be7d358&#039;, time: &#039;2018-11-14T08:17:03&#039;
System info: host: &#039;HIBACL61426&#039;, ip: &#039;10.0.237.241&#039;, os.name: &#039;Windows 10&#039;, os.arch: &#039;amd64&#039;, os.version: &#039;10.0&#039;, java.version: &#039;1.8.0_92&#039;
Driver info: org.openqa.selenium.chrome.ChromeDriver
Capabilities {acceptInsecureCerts: false, acceptSslCerts: false, applicationCacheEnabled: false, browserConnectionEnabled: false, browserName: chrome, chrome: {chromedriverVersion: 2.45.615291 (ec3682e3c9061c..., userDataDir: C:\Users\inrdesab\AppData\L...}, cssSelectorsEnabled: true, databaseEnabled: false, goog:chromeOptions: {debuggerAddress: localhost:49985}, handlesAlerts: true, hasTouchScreen: false, javascriptEnabled: true, locationContextEnabled: true, mobileEmulationEnabled: false, nativeEvents: true, networkConnectionEnabled: false, pageLoadStrategy: normal, platform: XP, platformName: XP, proxy: Proxy(), rotatable: false, setWindowRect: true, strictFileInteractability: false, takesHeapSnapshot: true, takesScreenshot: true, timeouts: {implicit: 0, pageLoad: 300000, script: 30000}, unexpectedAlertBehaviour: ignore, unhandledPromptBehavior: ignore, version: 71.0.3578.98, webStorageEnabled: true}
Session ID: 46662123cdcb0e05b8cbe75cddef2d4a">
      <![CDATA[org.openqa.selenium.WebDriverException: chrome not reachable
  (Session info: chrome=71.0.3578.98)
  (Driver info: chromedriver=2.45.615291 (ec3682e3c9061c10f26ea9e5cdcf3c53f3f74387),platform=Windows NT 10.0.15063 x86_64) (WARNING: The server did not provide any stacktrace information)
Command duration or timeout: 0 milliseconds
Build info: version: '3.141.59', revision: 'e82be7d358', time: '2018-11-14T08:17:03'
System info: host: 'HIBACL61426', ip: '10.0.237.241', os.name: 'Windows 10', os.arch: 'amd64', os.version: '10.0', java.version: '1.8.0_92'
Driver info: org.openqa.selenium.chrome.ChromeDriver
Capabilities {acceptInsecureCerts: false, acceptSslCerts: false, applicationCacheEnabled: false, browserConnectionEnabled: false, browserName: chrome, chrome: {chromedriverVersion: 2.45.615291 (ec3682e3c9061c..., userDataDir: C:\Users\inrdesab\AppData\L...}, cssSelectorsEnabled: true, databaseEnabled: false, goog:chromeOptions: {debuggerAddress: localhost:49985}, handlesAlerts: true, hasTouchScreen: false, javascriptEnabled: true, locationContextEnabled: true, mobileEmulationEnabled: false, nativeEvents: true, networkConnectionEnabled: false, pageLoadStrategy: normal, platform: XP, platformName: XP, proxy: Proxy(), rotatable: false, setWindowRect: true, strictFileInteractability: false, takesHeapSnapshot: true, takesScreenshot: true, timeouts: {implicit: 0, pageLoad: 300000, script: 30000}, unexpectedAlertBehaviour: ignore, unhandledPromptBehavior: ignore, version: 71.0.3578.98, webStorageEnabled: true}
Session ID: 46662123cdcb0e05b8cbe75cddef2d4a
at sun.reflect.NativeConstructorAccessorImpl.newInstance0(Native Method)
at sun.reflect.NativeConstructorAccessorImpl.newInstance(NativeConstructorAccessorImpl.java:62)
at sun.reflect.DelegatingConstructorAccessorImpl.newInstance(DelegatingConstructorAccessorImpl.java:45)
at java.lang.reflect.Constructor.newInstance(Constructor.java:423)
at org.openqa.selenium.remote.ErrorHandler.createThrowable(ErrorHandler.java:214)
at org.openqa.selenium.remote.ErrorHandler.throwIfResponseFailed(ErrorHandler.java:166)
at org.openqa.selenium.remote.http.JsonHttpResponseCodec.reconstructValue(JsonHttpResponseCodec.java:40)
at org.openqa.selenium.remote.http.AbstractHttpResponseCodec.decode(AbstractHttpResponseCodec.java:80)
at org.openqa.selenium.remote.http.AbstractHttpResponseCodec.decode(AbstractHttpResponseCodec.java:44)
at org.openqa.selenium.remote.HttpCommandExecutor.execute(HttpCommandExecutor.java:158)
at org.openqa.selenium.remote.service.DriverCommandExecutor.execute(DriverCommandExecutor.java:83)
at org.openqa.selenium.remote.RemoteWebDriver.execute(RemoteWebDriver.java:552)
at org.openqa.selenium.remote.RemoteWebDriver.get(RemoteWebDriver.java:277)
at com.shopping.Config.TestConfig.startBrowser(TestConfig.java:22)
at sun.reflect.NativeMethodAccessorImpl.invoke0(Native Method)
at sun.reflect.NativeMethodAccessorImpl.invoke(NativeMethodAccessorImpl.java:62)
at sun.reflect.DelegatingMethodAccessorImpl.invoke(DelegatingMethodAccessorImpl.java:43)
at java.lang.reflect.Method.invoke(Method.java:498)
at org.testng.internal.MethodInvocationHelper.invokeMethod(MethodInvocationHelper.java:124)
at org.testng.internal.MethodInvocationHelper.invokeMethodConsideringTimeout(MethodInvocationHelper.java:59)
at org.testng.internal.Invoker.invokeConfigurationMethod(Invoker.java:458)
at org.testng.internal.Invoker.invokeConfigurations(Invoker.java:222)
at org.testng.internal.Invoker.invokeMethod(Invoker.java:523)
at org.testng.internal.Invoker.invokeTestMethod(Invoker.java:719)
at org.testng.internal.Invoker.invokeTestMethods(Invoker.java:989)
at org.testng.internal.TestMethodWorker.invokeTestMethods(TestMethodWorker.java:125)
at org.testng.internal.TestMethodWorker.run(TestMethodWorker.java:109)
at org.testng.TestRunner.privateRun(TestRunner.java:648)
at org.testng.TestRunner.run(TestRunner.java:505)
at org.testng.SuiteRunner.runTest(SuiteRunner.java:455)
at org.testng.SuiteRunner.runSequentially(SuiteRunner.java:450)
at org.testng.SuiteRunner.privateRun(SuiteRunner.java:415)
at org.testng.SuiteRunner.run(SuiteRunner.java:364)
at org.testng.SuiteRunnerWorker.runSuite(SuiteRunnerWorker.java:52)
at org.testng.SuiteRunnerWorker.run(SuiteRunnerWorker.java:84)
at org.testng.TestNG.runSuitesSequentially(TestNG.java:1208)
at org.testng.TestNG.runSuitesLocally(TestNG.java:1137)
at org.testng.TestNG.runSuites(TestNG.java:1049)
at org.testng.TestNG.run(TestNG.java:1017)
at org.apache.maven.surefire.testng.TestNGExecutor.run(TestNGExecutor.java:281)
at org.apache.maven.surefire.testng.TestNGXmlTestSuite.execute(TestNGXmlTestSuite.java:75)
at org.apache.maven.surefire.testng.TestNGProvider.invoke(TestNGProvider.java:121)
at org.apache.maven.surefire.booter.ForkedBooter.invokeProviderInSameClassLoader(ForkedBooter.java:290)
at org.apache.maven.surefire.booter.ForkedBooter.runSuitesInProcess(ForkedBooter.java:242)
at org.apache.maven.surefire.booter.ForkedBooter.main(ForkedBooter.java:121)
]]>
    </error>
  </testcase> <!-- startBrowser -->
  <testcase name="s_VerifyErrorMessageForNoEmailId_103" time="0.000" classname="com.shopping.TestCases.FunctionalTestCases">
    <skipped/>
  </testcase> <!-- s_VerifyErrorMessageForNoEmailId_103 -->
  <testcase name="s_VerifyErrorMessageWhenMandatoryFieldsAreEmpty_Register_101" time="0.000" classname="com.shopping.TestCases.FunctionalTestCases">
    <skipped/>
  </testcase> <!-- s_VerifyErrorMessageWhenMandatoryFieldsAreEmpty_Register_101 -->
  <testcase name="s_VerifyUserIsAbleToPlaceOrderSuccessfully_E2E_101" time="0.000" classname="com.shopping.TestCases.FunctionalTestCases">
    <skipped/>
  </testcase> <!-- s_VerifyUserIsAbleToPlaceOrderSuccessfully_E2E_101 -->
  <testcase name="s_VerifyFieldsPresentOnSignInPage_101" time="0.000" classname="com.shopping.TestCases.FunctionalTestCases">
    <skipped/>
  </testcase> <!-- s_VerifyFieldsPresentOnSignInPage_101 -->
  <testcase name="s_VerifyErrorMessageWhenCurrentPasswordFieldIsEmpty_My_Personal_Info_101" time="0.000" classname="com.shopping.TestCases.FunctionalTestCases">
    <skipped/>
  </testcase> <!-- s_VerifyErrorMessageWhenCurrentPasswordFieldIsEmpty_My_Personal_Info_101 -->
  <testcase name="s_VerifyErrorWhenRegisteringWithSameEmailAddress_Register_102" time="0.000" classname="com.shopping.TestCases.FunctionalTestCases">
    <skipped/>
  </testcase> <!-- s_VerifyErrorWhenRegisteringWithSameEmailAddress_Register_102 -->
</testsuite> <!-- com.shopping.TestCases.FunctionalTestCases -->
